2020-09-10 01:21:11.081 INFO  com.easyArch.Application Line:50  - Starting Application on zmq-PC with PID 15910 (started by zmq in /home/zmq/旧系统/旧/Java/shopwork2)
2020-09-10 01:21:11.089 INFO  com.easyArch.Application Line:675 - No active profile set, falling back to default profiles: default
2020-09-10 01:21:12.335 INFO  org.springframework.boot.web.embedded.tomcat.TomcatWebServer Line:90  - Tomcat initialized with port(s): 63393 (http)
2020-09-10 01:21:12.355 INFO  org.apache.catalina.core.StandardService Line:173 - Starting service [Tomcat]
2020-09-10 01:21:12.356 INFO  org.apache.catalina.core.StandardEngine Line:173 - Starting Servlet engine: [Apache Tomcat/9.0.19]
2020-09-10 01:21:12.425 INFO  org.apache.catalina.core.ContainerBase.[Tomcat].[localhost].[/] Line:173 - Initializing Spring embedded WebApplicationContext
2020-09-10 01:21:12.426 INFO  org.springframework.web.context.ContextLoader Line:296 - Root WebApplicationContext: initialization completed in 1279 ms
2020-09-10 01:21:13.291 INFO  org.springframework.boot.web.embedded.tomcat.TomcatWebServer Line:204 - Tomcat started on port(s): 63393 (http) with context path ''
2020-09-10 01:21:13.294 INFO  com.easyArch.Application Line:59  - Started Application in 2.814 seconds (JVM running for 3.441)
2020-09-10 01:21:13.296 INFO  com.easyArch.net.Server Line:21  - init server 服务器,端口号为:9000
2020-09-10 01:21:13.392 INFO  com.easyArch.net.Server Line:35  - 服务器启动
2020-09-10 01:26:46.899 INFO  com.easyArch.net.Server Line:49  - >>>>>>>>>>> WebServer destroy success.
2020-09-10 01:26:52.086 INFO  com.easyArch.Application Line:50  - Starting Application on zmq-PC with PID 16550 (started by zmq in /home/zmq/旧系统/旧/Java/shopwork2)
2020-09-10 01:26:52.091 INFO  com.easyArch.Application Line:675 - No active profile set, falling back to default profiles: default
2020-09-10 01:26:53.311 INFO  org.springframework.boot.web.embedded.tomcat.TomcatWebServer Line:90  - Tomcat initialized with port(s): 63393 (http)
2020-09-10 01:26:53.350 INFO  org.apache.catalina.core.StandardService Line:173 - Starting service [Tomcat]
2020-09-10 01:26:53.351 INFO  org.apache.catalina.core.StandardEngine Line:173 - Starting Servlet engine: [Apache Tomcat/9.0.19]
2020-09-10 01:26:53.458 INFO  org.apache.catalina.core.ContainerBase.[Tomcat].[localhost].[/] Line:173 - Initializing Spring embedded WebApplicationContext
2020-09-10 01:26:53.459 INFO  org.springframework.web.context.ContextLoader Line:296 - Root WebApplicationContext: initialization completed in 1309 ms
2020-09-10 01:26:54.286 INFO  org.springframework.boot.web.embedded.tomcat.TomcatWebServer Line:204 - Tomcat started on port(s): 63393 (http) with context path ''
2020-09-10 01:26:54.290 INFO  com.easyArch.Application Line:59  - Started Application in 2.684 seconds (JVM running for 3.226)
2020-09-10 01:26:54.292 INFO  com.easyArch.net.Server Line:21  - init server 服务器,端口号为:9000
2020-09-10 01:26:54.416 INFO  com.easyArch.net.Server Line:35  - 服务器启动
2020-09-10 01:28:32.697 INFO  com.easyArch.net.Server Line:49  - >>>>>>>>>>> WebServer destroy success.
