2021-01-08 16:48:56.265 INFO  com.easyArch.Application Line:50  - Starting Application on zmq-PC with PID 18504 (/home/zmq/Java_Projects/shopwork2/target/classes started by zmq in /home/zmq/Java_Projects/shopwork2)
2021-01-08 16:48:56.268 INFO  com.easyArch.Application Line:675 - No active profile set, falling back to default profiles: default
2021-01-08 16:48:59.177 INFO  org.springframework.data.repository.config.RepositoryConfigurationDelegate Line:244 - Multiple Spring Data modules found, entering strict repository configuration mode!
2021-01-08 16:48:59.194 INFO  org.springframework.data.repository.config.RepositoryConfigurationDelegate Line:126 - Bootstrapping Spring Data repositories in DEFAULT mode.
2021-01-08 16:48:59.225 INFO  org.springframework.data.repository.config.RepositoryConfigurationDelegate Line:182 - Finished Spring Data repository scanning in 13ms. Found 0 repository interfaces.
2021-01-08 16:48:59.695 INFO  org.springframework.context.support.PostProcessorRegistrationDelegate$BeanPostProcessorChecker Line:330 - Bean 'org.springframework.transaction.annotation.ProxyTransactionManagementConfiguration' of type [org.springframework.transaction.annotation.ProxyTransactionManagementConfiguration$$EnhancerBySpringCGLIB$$ffbadc3a] is not eligible for getting processed by all BeanPostProcessors (for example: not eligible for auto-proxying)
2021-01-08 16:49:00.075 INFO  org.springframework.boot.web.embedded.tomcat.TomcatWebServer Line:90  - Tomcat initialized with port(s): 63393 (http)
2021-01-08 16:49:00.089 INFO  org.apache.catalina.core.StandardService Line:173 - Starting service [Tomcat]
2021-01-08 16:49:00.090 INFO  org.apache.catalina.core.StandardEngine Line:173 - Starting Servlet engine: [Apache Tomcat/9.0.19]
2021-01-08 16:49:00.198 INFO  org.apache.catalina.core.ContainerBase.[Tomcat].[localhost].[/] Line:173 - Initializing Spring embedded WebApplicationContext
2021-01-08 16:49:00.199 INFO  org.springframework.web.context.ContextLoader Line:296 - Root WebApplicationContext: initialization completed in 3783 ms
2021-01-08 16:49:01.800 INFO  org.springframework.boot.web.embedded.tomcat.TomcatWebServer Line:204 - Tomcat started on port(s): 63393 (http) with context path ''
2021-01-08 16:49:01.801 INFO  com.easyArch.Application Line:59  - Started Application in 6.346 seconds (JVM running for 8.102)
2021-01-08 16:49:01.803 INFO  com.easyArch.net.Server Line:21  - init server 服务器,端口号为:9003
2021-01-08 16:49:01.896 INFO  com.easyArch.net.Server Line:35  - 服务器启动
2021-01-08 16:49:16.590 INFO  com.easyArch.net.Server Line:49  - >>>>>>>>>>> WebServer destroy success.
2021-01-08 18:23:46.092 INFO  com.easyArch.Application Line:50  - Starting Application on zmq-OMEN-Laptop-15-en0xxx with PID 6410 (/home/zmq/javaWork/shopwork2/target/classes started by zmq in /home/zmq/javaWork/shopwork2)
2021-01-08 18:23:46.096 INFO  com.easyArch.Application Line:675 - No active profile set, falling back to default profiles: default
2021-01-08 18:23:46.717 INFO  org.springframework.data.repository.config.RepositoryConfigurationDelegate Line:244 - Multiple Spring Data modules found, entering strict repository configuration mode!
2021-01-08 18:23:46.720 INFO  org.springframework.data.repository.config.RepositoryConfigurationDelegate Line:126 - Bootstrapping Spring Data repositories in DEFAULT mode.
2021-01-08 18:23:46.748 INFO  org.springframework.data.repository.config.RepositoryConfigurationDelegate Line:182 - Finished Spring Data repository scanning in 16ms. Found 0 repository interfaces.
2021-01-08 18:23:47.054 INFO  org.springframework.context.support.PostProcessorRegistrationDelegate$BeanPostProcessorChecker Line:330 - Bean 'org.springframework.transaction.annotation.ProxyTransactionManagementConfiguration' of type [org.springframework.transaction.annotation.ProxyTransactionManagementConfiguration$$EnhancerBySpringCGLIB$$8f08ed56] is not eligible for getting processed by all BeanPostProcessors (for example: not eligible for auto-proxying)
2021-01-08 18:23:47.254 INFO  org.springframework.boot.web.embedded.tomcat.TomcatWebServer Line:90  - Tomcat initialized with port(s): 63393 (http)
2021-01-08 18:23:47.277 INFO  org.apache.catalina.core.StandardService Line:173 - Starting service [Tomcat]
2021-01-08 18:23:47.278 INFO  org.apache.catalina.core.StandardEngine Line:173 - Starting Servlet engine: [Apache Tomcat/9.0.19]
2021-01-08 18:23:47.363 INFO  org.apache.catalina.core.ContainerBase.[Tomcat].[localhost].[/] Line:173 - Initializing Spring embedded WebApplicationContext
2021-01-08 18:23:47.363 INFO  org.springframework.web.context.ContextLoader Line:296 - Root WebApplicationContext: initialization completed in 1225 ms
2021-01-08 18:23:48.350 INFO  org.springframework.boot.web.embedded.tomcat.TomcatWebServer Line:204 - Tomcat started on port(s): 63393 (http) with context path ''
2021-01-08 18:23:48.353 INFO  com.easyArch.Application Line:59  - Started Application in 2.704 seconds (JVM running for 3.187)
2021-01-08 18:23:48.354 INFO  com.easyArch.net.Server Line:21  - init server 服务器,端口号为:9003
2021-01-08 18:23:48.409 INFO  com.easyArch.net.Server Line:35  - 服务器启动
2021-01-08 18:23:53.076 INFO  com.easyArch.net.Server Line:49  - >>>>>>>>>>> WebServer destroy success.
